1610959123614	geckodriver	INFO	Listening on 127.0.0.1:55732
1610959127450	mozrunner::runner	INFO	Running command: "C:\\Program Files (x86)\\Mozilla Firefox\\firefox.exe" "--marionette" "-foreground" "-no-remote" "-profile" "C:\\Users\\CTEA\\AppData\\Local\\Temp\\rust_mozprofileysbXlY"
console.warn: SearchSettings: "get: No settings file exists, new profile?" (new Error("", "(unknown module)"))
1610959134388	Marionette	INFO	Listening on port 55742
1610959134956	Marionette	WARN	TLS certificate errors will be ignored for this session
1610959134975	Marionette	ERROR	[21] No reply from Marionette:Register
console.warn: SearchSettings: "get: No settings file exists, new profile?" (new Error("", "(unknown module)"))
JavaScript error: https://www.phptravels.net/, line 25: TypeError: document.getElementById(...) is null
JavaScript error: https://www.phptravels.net/, line 1018: SyntaxError: missing ) after argument list
JavaScript warning: https://www.phptravels.net/themes/default/assets/js/plugins.js, line 3317: unreachable code after return statement
JavaScript error: https://www.phptravels.net/, line 3927: SyntaxError: expected expression, got ','
JavaScript error: https://www.phptravels.net/, line 4033: ReferenceError: fmt is not defined
JavaScript error: https://www.phptravels.net/, line 4058: ReferenceError: fmt is not defined
JavaScript error: https://www.phptravels.net/, line 4083: ReferenceError: fmt is not defined
JavaScript error: https://cdn.livechatinc.com/tracking.js, line 1: Error: License expired
JavaScript error: https://www.phptravels.net/, line 25: TypeError: document.getElementById(...) is null
JavaScript error: https://www.phptravels.net/, line 1018: SyntaxError: missing ) after argument list
JavaScript warning: https://www.phptravels.net/themes/default/assets/js/plugins.js, line 3317: unreachable code after return statement
JavaScript error: https://www.phptravels.net/, line 3927: SyntaxError: expected expression, got ','
JavaScript error: https://www.phptravels.net/, line 4033: ReferenceError: fmt is not defined
JavaScript error: https://www.phptravels.net/, line 4058: ReferenceError: fmt is not defined
JavaScript error: https://www.phptravels.net/, line 4083: ReferenceError: fmt is not defined
JavaScript error: https://cdn.livechatinc.com/tracking.js, line 1: Error: License expired
1610959567304	Marionette	INFO	Stopped listening on port 55742

###!!! [Child][RunMessage] Error: Channel closing: too late to send/recv, messages will be lost

