1610789470550	geckodriver	INFO	Listening on 127.0.0.1:55931
1610789473430	mozrunner::runner	INFO	Running command: "C:\\Program Files (x86)\\Mozilla Firefox\\firefox.exe" "--marionette" "-foreground" "-no-remote" "-profile" "C:\\Users\\CTEA\\AppData\\Local\\Temp\\rust_mozprofile6KcSco"
console.warn: SearchSettings: "get: No settings file exists, new profile?" (new Error("", "(unknown module)"))
1610789478174	Marionette	INFO	Listening on port 55941
1610789478735	Marionette	WARN	TLS certificate errors will be ignored for this session
1610789478757	Marionette	ERROR	[17] No reply from Marionette:Register
console.warn: SearchSettings: "get: No settings file exists, new profile?" (new Error("", "(unknown module)"))
1610789488886	Marionette	WARN	TimedPromise timed out after 500 ms: stacktrace:
TimedPromise/<@chrome://marionette/content/sync.js:235:19
TimedPromise@chrome://marionette/content/sync.js:220:10
interaction.flushEventLoop@chrome://marionette/content/interaction.js:418:10
webdriverClickElement@chrome://marionette/content/interaction.js:179:31
JavaScript error: https://magento.com/ line 1557 > injectedScript, line 4: TypeError: window.optimizely is undefined
JavaScript error: https://account.magento.com/customer/account/login?_ga=2.22150779.1113252832.1610789481-1478652521.1610789481, line 407: SyntaxError: redeclaration of const ssoEmailDomains
JavaScript error: https://account.magento.com/static/version20210114165902/frontend/McStore/base/en_US/jquery/jquery.validate.js, line 556: TypeError: $.validator.methods[method] is undefined
JavaScript error: https://account.magento.com/static/version20210114165902/frontend/McStore/base/en_US/jquery/jquery.validate.js, line 556: TypeError: $.validator.methods[method] is undefined
JavaScript error: https://account.magento.com/static/version20210114165902/frontend/McStore/base/en_US/jquery/jquery.validate.js, line 556: TypeError: $.validator.methods[method] is undefined
JavaScript error: https://account.magento.com/static/version20210114165902/frontend/McStore/base/en_US/jquery/jquery.validate.js, line 556: TypeError: $.validator.methods[method] is undefined
JavaScript error: https://account.magento.com/static/version20210114165902/frontend/McStore/base/en_US/jquery/jquery.validate.js, line 556: TypeError: $.validator.methods[method] is undefined
JavaScript error: https://account.magento.com/static/version20210114165902/frontend/McStore/base/en_US/requirejs/require.js, line 166: Error: Script error for: Magento_Persistent/js/view/customer-data-mixin
http://requirejs.org/docs/errors.html#scripterror
JavaScript error: https://account.magento.com/static/version20210114165902/frontend/McStore/base/en_US/requirejs/require.js, line 166: Error: Script error for: Magento_Customer/js/customer-data
http://requirejs.org/docs/errors.html#scripterror
JavaScript error: https://account.magento.com/static/version20210114165902/frontend/McStore/base/en_US/requirejs/require.js, line 166: Error: Script error for: jquery-ui-modules/datepicker
http://requirejs.org/docs/errors.html#scripterror
JavaScript error: https://account.magento.com/static/version20210114165902/frontend/McStore/base/en_US/requirejs/require.js, line 166: Error: Script error for: jquery-ui-modules/timepicker
http://requirejs.org/docs/errors.html#scripterror
JavaScript error: https://account.magento.com/static/version20210114165902/frontend/McStore/base/en_US/requirejs/require.js, line 166: Error: Script error for: moment
http://requirejs.org/docs/errors.html#scripterror
JavaScript error: https://account.magento.com/static/version20210114165902/frontend/McStore/base/en_US/requirejs/require.js, line 166: Error: Script error for: mage/utils/arrays
http://requirejs.org/docs/errors.html#scripterror
JavaScript error: https://account.magento.com/static/version20210114165902/frontend/McStore/base/en_US/requirejs/require.js, line 166: Error: Script error for: mage/utils/compare
http://requirejs.org/docs/errors.html#scripterror
JavaScript error: https://account.magento.com/customer/account/login/, line 407: SyntaxError: redeclaration of const ssoEmailDomains
1610789501494	Marionette	INFO	Stopped listening on port 55941
JavaScript error: https://account.magento.com/static/version20210114165902/frontend/McStore/base/en_US/requirejs/require.js, line 166: Error: Script error for: mage/dataPost
http://requirejs.org/docs/errors.html#scripterror
JavaScript error: https://account.magento.com/static/version20210114165902/frontend/McStore/base/en_US/requirejs/require.js, line 166: Error: Script error for: mage/bootstrap
http://requirejs.org/docs/errors.html#scripterror
JavaScript error: https://account.magento.com/static/version20210114165902/frontend/McStore/base/en_US/requirejs/require.js, line 166: Error: Script error for: mage/translate-inline
http://requirejs.org/docs/errors.html#scripterror
JavaScript error: https://account.magento.com/static/version20210114165902/frontend/McStore/base/en_US/requirejs/require.js, line 166: Error: Script error for: Magento_Theme/js/responsive
http://requirejs.org/docs/errors.html#scripterror
JavaScript error: https://account.magento.com/static/version20210114165902/frontend/McStore/base/en_US/requirejs/require.js, line 166: Error: Script error for: Magento_Theme/js/theme
http://requirejs.org/docs/errors.html#scripterror
JavaScript error: https://account.magento.com/static/version20210114165902/frontend/McStore/base/en_US/requirejs/require.js, line 166: Error: Script error for: mage/translate
http://requirejs.org/docs/errors.html#scripterror
JavaScript error: https://account.magento.com/static/version20210114165902/frontend/McStore/base/en_US/requirejs/require.js, line 166: Error: Script error for: underscore
http://requirejs.org/docs/errors.html#scripterror
JavaScript error: https://account.magento.com/static/version20210114165902/frontend/McStore/base/en_US/requirejs/require.js, line 166: Error: Script error for: jquery/jquery-migrate
http://requirejs.org/docs/errors.html#scripterror
JavaScript error: https://account.magento.com/static/version20210114165902/frontend/McStore/base/en_US/requirejs/require.js, line 166: Error: Script error for: mage/common
http://requirejs.org/docs/errors.html#scripterror
JavaScript error: https://account.magento.com/static/version20210114165902/frontend/McStore/base/en_US/requirejs/require.js, line 166: Error: Script error for: jquery/jquery.cookie
http://requirejs.org/docs/errors.html#scripterror
JavaScript error: https://account.magento.com/static/version20210114165902/frontend/McStore/base/en_US/requirejs/require.js, line 166: Error: Script error for: mage/validation
http://requirejs.org/docs/errors.html#scripterror
JavaScript error: https://account.magento.com/static/version20210114165902/frontend/McStore/base/en_US/requirejs/require.js, line 166: Error: Script error for: jquery/patches/jquery
http://requirejs.org/docs/errors.html#scripterror

###!!! [Child][RunMessage] Error: Channel closing: too late to send/recv, messages will be lost

